<?xml version="1.0" encoding="utf-8"?><testsuites name="pytest tests"><testsuite name="pytest" errors="0" failures="3" skipped="0" tests="32" time="6.682" timestamp="2026-03-04T20:23:24.172969+00:00" hostname="agent-env-c710c342-2666-4f89-af15-e9d817fbb3a6"><testcase classname="backend.tests.test_phase2_profiles.TestAuthEndpoints" name="test_auth_me_candidate" time="0.565" /><testcase classname="backend.tests.test_phase2_profiles.TestAuthEndpoints" name="test_auth_me_employer" time="0.117" /><testcase classname="backend.tests.test_phase2_profiles.TestAuthEndpoints" name="test_auth_me_unauthorized" time="0.123" /><testcase classname="backend.tests.test_phase2_profiles.TestCandidateProfile" name="test_get_candidate_profile_initial" time="0.158" /><testcase classname="backend.tests.test_phase2_profiles.TestCandidateProfile" name="test_create_candidate_profile_section1_personal" time="0.125" /><testcase classname="backend.tests.test_phase2_profiles.TestCandidateProfile" name="test_update_candidate_profile_section2_family" time="0.122" /><testcase classname="backend.tests.test_phase2_profiles.TestCandidateProfile" name="test_update_candidate_profile_section3_professional" time="0.162" /><testcase classname="backend.tests.test_phase2_profiles.TestCandidateProfile" name="test_update_candidate_profile_section5_additional" time="0.123" /><testcase classname="backend.tests.test_phase2_profiles.TestCandidateProfile" name="test_get_candidate_profile_complete" time="0.122"><failure message="AssertionError: assert 'pending_validation' == 'draft'&#10;  &#10;  - draft&#10;  + pending_validation">backend/tests/test_phase2_profiles.py:244: in test_get_candidate_profile_complete
    assert profile.get("status") == "draft"
E   AssertionError: assert 'pending_validation' == 'draft'
E     
E     - draft
E     + pending_validation</failure></testcase><testcase classname="backend.tests.test_phase2_profiles.TestCandidateDocumentUpload" name="test_upload_cv_document" time="0.340" /><testcase classname="backend.tests.test_phase2_profiles.TestCandidateDocumentUpload" name="test_upload_passport_document" time="0.268" /><testcase classname="backend.tests.test_phase2_profiles.TestCandidateDocumentUpload" name="test_upload_criminal_record_document" time="0.392" /><testcase classname="backend.tests.test_phase2_profiles.TestCandidateDocumentUpload" name="test_upload_passport_photo" time="0.328" /><testcase classname="backend.tests.test_phase2_profiles.TestCandidateDocumentUpload" name="test_get_candidate_documents" time="0.147" /><testcase classname="backend.tests.test_phase2_profiles.TestCandidateDocumentUpload" name="test_upload_invalid_file_type" time="0.115" /><testcase classname="backend.tests.test_phase2_profiles.TestCandidateProfileSubmission" name="test_submit_candidate_profile_for_validation" time="0.113"><failure message="assert 400 == 200&#10; +  where 400 = &lt;Response [400]&gt;.status_code">backend/tests/test_phase2_profiles.py:406: in test_submit_candidate_profile_for_validation
    assert response.status_code == 200
E   assert 400 == 200
E    +  where 400 = &lt;Response [400]&gt;.status_code</failure></testcase><testcase classname="backend.tests.test_phase2_profiles.TestCandidateProfileSubmission" name="test_verify_profile_status_pending" time="0.123" /><testcase classname="backend.tests.test_phase2_profiles.TestCandidateDashboard" name="test_get_candidate_dashboard" time="0.103" /><testcase classname="backend.tests.test_phase2_profiles.TestEmployerProfile" name="test_get_employer_profile_initial" time="0.144" /><testcase classname="backend.tests.test_phase2_profiles.TestEmployerProfile" name="test_create_employer_profile_section1_company" time="0.119" /><testcase classname="backend.tests.test_phase2_profiles.TestEmployerProfile" name="test_update_employer_profile_section2_contact" time="0.125" /><testcase classname="backend.tests.test_phase2_profiles.TestEmployerProfile" name="test_update_employer_profile_section4_igi_eligibility" time="0.115" /><testcase classname="backend.tests.test_phase2_profiles.TestEmployerDocumentUpload" name="test_upload_cui_certificate" time="0.283" /><testcase classname="backend.tests.test_phase2_profiles.TestEmployerDocumentUpload" name="test_upload_administrator_id" time="1.028" /><testcase classname="backend.tests.test_phase2_profiles.TestEmployerDocumentUpload" name="test_upload_company_criminal_record" time="0.268" /><testcase classname="backend.tests.test_phase2_profiles.TestEmployerDocumentUpload" name="test_get_employer_documents" time="0.117" /><testcase classname="backend.tests.test_phase2_profiles.TestEmployerProfileSubmission" name="test_submit_employer_profile_for_validation" time="0.121"><failure message="assert 400 == 200&#10; +  where 400 = &lt;Response [400]&gt;.status_code">backend/tests/test_phase2_profiles.py:651: in test_submit_employer_profile_for_validation
    assert response.status_code == 200
E   assert 400 == 200
E    +  where 400 = &lt;Response [400]&gt;.status_code</failure></testcase><testcase classname="backend.tests.test_phase2_profiles.TestEmployerProfileSubmission" name="test_verify_employer_profile_status_pending" time="0.107" /><testcase classname="backend.tests.test_phase2_profiles.TestEmployerDashboard" name="test_get_employer_dashboard" time="0.134" /><testcase classname="backend.tests.test_phase2_profiles.TestAccessControl" name="test_candidate_cannot_access_employer_profile" time="0.104" /><testcase classname="backend.tests.test_phase2_profiles.TestAccessControl" name="test_employer_cannot_access_candidate_profile" time="0.137" /><testcase classname="backend.tests.test_phase2_profiles.TestAccessControl" name="test_unauthenticated_cannot_access_profiles" time="0.223" /></testsuite></testsuites>