<?xml version="1.0" encoding="utf-8"?><testsuites name="pytest tests"><testsuite name="pytest" errors="0" failures="3" skipped="0" tests="10" time="25.802" timestamp="2026-03-06T05:04:44.017315+00:00" hostname="agent-env-cdd70bff-e27e-4d5c-896f-3f486041d430"><testcase classname="backend.tests.test_candidate_registration.TestCandidateRegistrationEndpoints" name="test_passport_ocr_endpoint_exists" time="7.231" /><testcase classname="backend.tests.test_candidate_registration.TestCandidateRegistrationEndpoints" name="test_cv_ocr_endpoint_exists" time="4.722" /><testcase classname="backend.tests.test_candidate_registration.TestCandidateRegistrationEndpoints" name="test_register_with_profile_endpoint_exists" time="0.112" /><testcase classname="backend.tests.test_candidate_registration.TestCandidateRegistrationEndpoints" name="test_register_with_profile_creates_user_and_profile" time="0.223"><failure message="AssertionError: Profile first_name should match&#10;assert None == 'John'&#10; +  where None = &lt;built-in method get of dict object at 0xfdaa89276ec0&gt;('first_name')&#10; +    where &lt;built-in method get of dict object at 0xfdaa89276ec0&gt; = {'documents': [], 'profile': {'accept_part_time': False, 'address': 'Kathmandu, Nepal', 'already_in_romania': False, 'availability': 'immediate', ...}}.get">backend/tests/test_candidate_registration.py:143: in test_register_with_profile_creates_user_and_profile
    assert profile.get("first_name") == "John", "Profile first_name should match"
E   AssertionError: Profile first_name should match
E   assert None == 'John'
E    +  where None = &lt;built-in method get of dict object at 0xfdaa89276ec0&gt;('first_name')
E    +    where &lt;built-in method get of dict object at 0xfdaa89276ec0&gt; = {'documents': [], 'profile': {'accept_part_time': False, 'address': 'Kathmandu, Nepal', 'already_in_romania': False, 'availability': 'immediate', ...}}.get</failure></testcase><testcase classname="backend.tests.test_candidate_registration.TestCandidateRegistrationEndpoints" name="test_register_with_profile_duplicate_email" time="0.289" /><testcase classname="backend.tests.test_candidate_registration.TestCandidateRegistrationEndpoints" name="test_passport_ocr_response_structure" time="7.701" /><testcase classname="backend.tests.test_candidate_registration.TestCandidateRegistrationEndpoints" name="test_cv_ocr_response_structure" time="4.626" /><testcase classname="backend.tests.test_candidate_registration.TestCandidateProfileAccess" name="test_candidate_can_access_profile" time="0.248"><failure message="AssertionError: First name should match&#10;assert None == 'Access'&#10; +  where None = &lt;built-in method get of dict object at 0xfdaa89e3d500&gt;('first_name')&#10; +    where &lt;built-in method get of dict object at 0xfdaa89e3d500&gt; = {'documents': [], 'profile': {'accept_part_time': False, 'address': None, 'already_in_romania': False, 'availability': 'immediate', ...}}.get">backend/tests/test_candidate_registration.py:286: in test_candidate_can_access_profile
    assert profile.get("first_name") == "Access", "First name should match"
E   AssertionError: First name should match
E   assert None == 'Access'
E    +  where None = &lt;built-in method get of dict object at 0xfdaa89e3d500&gt;('first_name')
E    +    where &lt;built-in method get of dict object at 0xfdaa89e3d500&gt; = {'documents': [], 'profile': {'accept_part_time': False, 'address': None, 'already_in_romania': False, 'availability': 'immediate', ...}}.get</failure></testcase><testcase classname="backend.tests.test_candidate_registration.TestCandidateProfileAccess" name="test_candidate_can_update_profile" time="0.333"><failure message="AssertionError: Profile update failed. Status: 405&#10;assert 405 == 200&#10; +  where 405 = &lt;Response [405]&gt;.status_code">backend/tests/test_candidate_registration.py:322: in test_candidate_can_update_profile
    assert update_response.status_code == 200, f"Profile update failed. Status: {update_response.status_code}"
E   AssertionError: Profile update failed. Status: 405
E   assert 405 == 200
E    +  where 405 = &lt;Response [405]&gt;.status_code</failure></testcase><testcase classname="backend.tests.test_candidate_registration.TestAuthMeEndpoint" name="test_auth_me_returns_user_data" time="0.215" /></testsuite></testsuites>