<?xml version="1.0" encoding="utf-8"?><testsuites name="pytest tests"><testsuite name="pytest" errors="0" failures="0" skipped="3" tests="18" time="4.005" timestamp="2026-03-04T21:03:11.997535+00:00" hostname="agent-env-c710c342-2666-4f89-af15-e9d817fbb3a6"><testcase classname="backend.tests.test_notifications.TestNotificationEndpoints" name="test_get_notifications_list" time="0.287" /><testcase classname="backend.tests.test_notifications.TestNotificationEndpoints" name="test_get_notifications_unread_only" time="0.177" /><testcase classname="backend.tests.test_notifications.TestNotificationEndpoints" name="test_get_unread_count" time="0.253" /><testcase classname="backend.tests.test_notifications.TestNotificationEndpoints" name="test_mark_notification_read" time="0.165"><skipped type="pytest.skip" message="No notifications to test mark as read">/app/backend/tests/test_notifications.py:98: No notifications to test mark as read</skipped></testcase><testcase classname="backend.tests.test_notifications.TestNotificationEndpoints" name="test_mark_all_notifications_read" time="0.251" /><testcase classname="backend.tests.test_notifications.TestNotificationEndpoints" name="test_notification_not_found" time="0.227" /><testcase classname="backend.tests.test_notifications.TestNotificationEndpointsUnauthorized" name="test_get_notifications_unauthorized" time="0.127" /><testcase classname="backend.tests.test_notifications.TestNotificationEndpointsUnauthorized" name="test_get_unread_count_unauthorized" time="0.129" /><testcase classname="backend.tests.test_notifications.TestNotificationEndpointsUnauthorized" name="test_mark_read_unauthorized" time="0.121" /><testcase classname="backend.tests.test_notifications.TestEmployerNotifications" name="test_employer_get_notifications" time="0.162" /><testcase classname="backend.tests.test_notifications.TestEmployerNotifications" name="test_employer_get_unread_count" time="0.208" /><testcase classname="backend.tests.test_notifications.TestAdminProfileValidationNotifications" name="test_admin_dashboard_access" time="0.186" /><testcase classname="backend.tests.test_notifications.TestAdminProfileValidationNotifications" name="test_admin_list_candidates" time="0.177" /><testcase classname="backend.tests.test_notifications.TestAdminProfileValidationNotifications" name="test_admin_list_employers" time="0.213" /><testcase classname="backend.tests.test_notifications.TestMatchingAlgorithm" name="test_admin_list_jobs" time="0.234" /><testcase classname="backend.tests.test_notifications.TestMatchingAlgorithm" name="test_find_matching_candidates_for_job" time="0.633"><skipped type="pytest.skip" message="No jobs available to test matching">/app/backend/tests/test_notifications.py:320: No jobs available to test matching</skipped></testcase><testcase classname="backend.tests.test_notifications.TestNotificationDelete" name="test_delete_notification" time="0.199"><skipped type="pytest.skip" message="No notifications to delete">/app/backend/tests/test_notifications.py:370: No notifications to delete</skipped></testcase><testcase classname="backend.tests.test_notifications.TestNotificationDelete" name="test_delete_nonexistent_notification" time="0.195" /></testsuite></testsuites>