<?xml version="1.0" encoding="utf-8"?><testsuites name="pytest tests"><testsuite name="pytest" errors="0" failures="0" skipped="0" tests="13" time="1.883" timestamp="2026-03-04T23:00:11.670065+00:00" hostname="agent-env-45b70e69-196c-44b2-bae3-b27c4abe0440"><testcase classname="backend.tests.test_job_requests.TestJobRequestCRUD" name="test_list_jobs_authenticated" time="0.231" /><testcase classname="backend.tests.test_job_requests.TestJobRequestCRUD" name="test_list_jobs_unauthenticated" time="0.155" /><testcase classname="backend.tests.test_job_requests.TestJobRequestCRUD" name="test_create_job_validated_employer" time="0.067" /><testcase classname="backend.tests.test_job_requests.TestJobRequestCRUD" name="test_create_job_unvalidated_employer_no_profile" time="0.195" /><testcase classname="backend.tests.test_job_requests.TestJobRequestCRUD" name="test_create_job_unvalidated_employer_with_profile" time="0.124" /><testcase classname="backend.tests.test_job_requests.TestJobRequestCRUD" name="test_get_job_detail" time="0.065" /><testcase classname="backend.tests.test_job_requests.TestJobRequestCRUD" name="test_get_job_detail_not_found" time="0.059" /><testcase classname="backend.tests.test_job_requests.TestJobRequestCRUD" name="test_update_job" time="0.123" /><testcase classname="backend.tests.test_job_requests.TestJobRequestCRUD" name="test_delete_job" time="0.124" /><testcase classname="backend.tests.test_job_requests.TestJobRequestCRUD" name="test_delete_job_not_found" time="0.064" /><testcase classname="backend.tests.test_job_requests.TestJobRequestSearch" name="test_list_jobs_returns_all_employer_jobs" time="0.361" /><testcase classname="backend.tests.test_job_requests.TestEmployerProfile" name="test_get_employer_profile" time="0.176" /><testcase classname="backend.tests.test_job_requests.TestEmployerProfile" name="test_employer_dashboard" time="0.065" /></testsuite></testsuites>