<?xml version="1.0" encoding="utf-8"?><testsuites name="pytest tests"><testsuite name="pytest" errors="0" failures="0" skipped="0" tests="10" time="23.253" timestamp="2026-03-06T05:06:21.296544+00:00" hostname="agent-env-cdd70bff-e27e-4d5c-896f-3f486041d430"><testcase classname="backend.tests.test_candidate_registration.TestCandidateRegistrationEndpoints" name="test_passport_ocr_endpoint_exists" time="5.993" /><testcase classname="backend.tests.test_candidate_registration.TestCandidateRegistrationEndpoints" name="test_cv_ocr_endpoint_exists" time="4.331" /><testcase classname="backend.tests.test_candidate_registration.TestCandidateRegistrationEndpoints" name="test_register_with_profile_endpoint_exists" time="0.105" /><testcase classname="backend.tests.test_candidate_registration.TestCandidateRegistrationEndpoints" name="test_register_with_profile_creates_user_and_profile" time="0.281" /><testcase classname="backend.tests.test_candidate_registration.TestCandidateRegistrationEndpoints" name="test_register_with_profile_duplicate_email" time="0.244" /><testcase classname="backend.tests.test_candidate_registration.TestCandidateRegistrationEndpoints" name="test_passport_ocr_response_structure" time="5.865" /><testcase classname="backend.tests.test_candidate_registration.TestCandidateRegistrationEndpoints" name="test_cv_ocr_response_structure" time="5.574" /><testcase classname="backend.tests.test_candidate_registration.TestCandidateProfileAccess" name="test_candidate_can_access_profile" time="0.241" /><testcase classname="backend.tests.test_candidate_registration.TestCandidateProfileAccess" name="test_candidate_can_update_profile" time="0.329" /><testcase classname="backend.tests.test_candidate_registration.TestAuthMeEndpoint" name="test_auth_me_returns_user_data" time="0.225" /></testsuite></testsuites>