<?xml version="1.0" encoding="utf-8"?><testsuites name="pytest tests"><testsuite name="pytest" errors="0" failures="0" skipped="0" tests="13" time="15.182" timestamp="2026-03-12T08:30:04.744904+00:00" hostname="agent-env-2e40bb67-38f6-451e-a37f-dba23b1d4be7"><testcase classname="tests.test_candidate_phase3.TestCandidateAuthentication" name="test_login_returns_correct_structure" time="0.295" /><testcase classname="tests.test_candidate_phase3.TestCandidateAuthentication" name="test_auth_me_with_token" time="0.140" /><testcase classname="tests.test_candidate_phase3.TestCandidateDashboard" name="test_dashboard_returns_stats" time="0.242" /><testcase classname="tests.test_candidate_phase3.TestCandidateDashboard" name="test_dashboard_requires_auth" time="0.098" /><testcase classname="tests.test_candidate_phase3.TestCandidateProfile" name="test_get_profile" time="0.214" /><testcase classname="tests.test_candidate_phase3.TestCandidateProfile" name="test_create_update_profile" time="0.210" /><testcase classname="tests.test_candidate_phase3.TestCandidateProfile" name="test_profile_requires_auth" time="0.134" /><testcase classname="tests.test_candidate_phase3.TestCandidateDocuments" name="test_get_documents_list" time="0.203" /><testcase classname="tests.test_candidate_phase3.TestCandidateDocuments" name="test_documents_requires_auth" time="0.100" /><testcase classname="tests.test_candidate_phase3.TestOCREndpoints" name="test_passport_ocr_endpoint_exists" time="7.634" /><testcase classname="tests.test_candidate_phase3.TestOCREndpoints" name="test_cv_ocr_endpoint_exists" time="5.486" /><testcase classname="tests.test_candidate_phase3.TestDocumentUpload" name="test_upload_endpoint_exists" time="0.257" /><testcase classname="tests.test_candidate_phase3.TestDocumentUpload" name="test_check_existing_document" time="0.101" /></testsuite></testsuites>