<?xml version="1.0" encoding="utf-8"?><testsuites name="pytest tests"><testsuite name="pytest" errors="0" failures="0" skipped="0" tests="17" time="17.758" timestamp="2026-02-28T19:29:42.241527+00:00" hostname="agent-env-24c67bdc-4099-4650-8d56-44d04c828610"><testcase classname="backend.tests.test_gjc_api.TestHealthAndStats" name="test_root_endpoint" time="0.243" /><testcase classname="backend.tests.test_gjc_api.TestHealthAndStats" name="test_health_endpoint" time="0.125" /><testcase classname="backend.tests.test_gjc_api.TestHealthAndStats" name="test_stats_endpoint" time="0.110" /><testcase classname="backend.tests.test_gjc_api.TestBlogEndpoints" name="test_init_sample_posts" time="0.158" /><testcase classname="backend.tests.test_gjc_api.TestBlogEndpoints" name="test_get_blog_posts" time="0.110" /><testcase classname="backend.tests.test_gjc_api.TestBlogEndpoints" name="test_get_blog_post_by_slug" time="0.231" /><testcase classname="backend.tests.test_gjc_api.TestBlogEndpoints" name="test_get_nonexistent_blog_post" time="0.107" /><testcase classname="backend.tests.test_gjc_api.TestContactEndpoint" name="test_submit_contact_form" time="0.146" /><testcase classname="backend.tests.test_gjc_api.TestContactEndpoint" name="test_submit_contact_form_missing_fields" time="1.801" /><testcase classname="backend.tests.test_gjc_api.TestEmployerEndpoints" name="test_submit_employer_form" time="0.115" /><testcase classname="backend.tests.test_gjc_api.TestEmployerEndpoints" name="test_get_employer_submissions" time="1.464" /><testcase classname="backend.tests.test_gjc_api.TestCandidateEndpoints" name="test_submit_candidate_form" time="0.106" /><testcase classname="backend.tests.test_gjc_api.TestCandidateEndpoints" name="test_get_candidate_submissions" time="1.437" /><testcase classname="backend.tests.test_gjc_api.TestPaulaChatEndpoint" name="test_paula_chat_romanian" time="4.582" /><testcase classname="backend.tests.test_gjc_api.TestPaulaChatEndpoint" name="test_paula_chat_english" time="2.362" /><testcase classname="backend.tests.test_gjc_api.TestPaulaChatEndpoint" name="test_paula_chat_german" time="1.959" /><testcase classname="backend.tests.test_gjc_api.TestPaulaChatEndpoint" name="test_paula_chat_serbian" time="2.587" /></testsuite></testsuites>