<?xml version="1.0" encoding="utf-8"?><testsuites name="pytest tests"><testsuite name="pytest" errors="0" failures="0" skipped="0" tests="20" time="5.194" timestamp="2026-03-14T12:36:08.240122+00:00" hostname="agent-env-ef14bf1a-a87d-4695-8ff1-b2f3d575d237"><testcase classname="backend.tests.test_gjc_platform_p0.TestGJCHealth" name="test_health_endpoint_returns_healthy" time="0.147" /><testcase classname="backend.tests.test_gjc_platform_p0.TestSetupTestData" name="test_verify_seed_data_exists" time="0.118" /><testcase classname="backend.tests.test_gjc_platform_p0.TestAIEmbedding" name="test_generate_embedding_success" time="1.344" /><testcase classname="backend.tests.test_gjc_platform_p0.TestAIEmbedding" name="test_generate_embedding_empty_text" time="0.137" /><testcase classname="backend.tests.test_gjc_platform_p0.TestCompanyJobCreation" name="test_create_job_with_embedding" time="0.272" /><testcase classname="backend.tests.test_gjc_platform_p0.TestAgencyBatchCandidateUpload" name="test_batch_upload_candidates_with_embeddings" time="1.492" /><testcase classname="backend.tests.test_gjc_platform_p0.TestAIMatching" name="test_get_matching_candidates_for_job" time="0.104" /><testcase classname="backend.tests.test_gjc_platform_p0.TestAIMatching" name="test_calculate_match_score" time="0.129" /><testcase classname="backend.tests.test_gjc_platform_p0.TestAgencyApply" name="test_agency_apply_candidate_to_job" time="0.104" /><testcase classname="backend.tests.test_gjc_platform_p0.TestCandidateStatus" name="test_get_candidate_status" time="0.109" /><testcase classname="backend.tests.test_gjc_platform_p0.TestAdminStatusTransition" name="test_admin_transition_pending_to_matched" time="0.125" /><testcase classname="backend.tests.test_gjc_platform_p0.TestAdminStatusTransition" name="test_admin_transition_matched_to_employer_review" time="0.101" /><testcase classname="backend.tests.test_gjc_platform_p0.TestAdminStatusTransition" name="test_admin_transition_employer_review_to_offer_sent" time="0.104" /><testcase classname="backend.tests.test_gjc_platform_p0.TestAdminStatusTransition" name="test_admin_invalid_transition_rejected" time="0.105" /><testcase classname="backend.tests.test_gjc_platform_p0.TestAdminDashboard" name="test_admin_dashboard_overview" time="0.133" /><testcase classname="backend.tests.test_gjc_platform_p0.TestAdminAuditLog" name="test_admin_audit_log" time="0.129" /><testcase classname="backend.tests.test_gjc_platform_p0.TestAdminAuditLog" name="test_admin_audit_log_filter_by_entity_type" time="0.101" /><testcase classname="backend.tests.test_gjc_platform_p0.TestAvailableJobs" name="test_get_available_jobs" time="0.117" /><testcase classname="backend.tests.test_gjc_platform_p0.TestCompanyPipeline" name="test_get_company_pipeline" time="0.112" /><testcase classname="backend.tests.test_gjc_platform_p0.TestPlacementTracking" name="test_get_placement_tracking" time="0.112" /></testsuite></testsuites>