<?xml version="1.0" encoding="utf-8"?><testsuites name="pytest tests"><testsuite name="pytest" errors="0" failures="0" skipped="0" tests="11" time="1.609" timestamp="2026-03-05T20:17:01.331912+00:00" hostname="agent-env-45b70e69-196c-44b2-bae3-b27c4abe0440"><testcase classname="backend.tests.test_4_problems.TestSetup" name="test_api_health" time="0.223" /><testcase classname="backend.tests.test_4_problems.TestProblema1DocumentDuplicates" name="test_check_existing_candidate_document_endpoint_exists" time="0.202" /><testcase classname="backend.tests.test_4_problems.TestProblema1DocumentDuplicates" name="test_check_existing_employer_document_endpoint_exists" time="0.063" /><testcase classname="backend.tests.test_4_problems.TestProblema1DocumentDuplicates" name="test_candidate_documents_exclude_archived_by_default" time="0.064" /><testcase classname="backend.tests.test_4_problems.TestProblema1DocumentDuplicates" name="test_employer_documents_exclude_archived_by_default" time="0.106" /><testcase classname="backend.tests.test_4_problems.TestProblema2SudorIndustrialJob" name="test_sudor_industrial_job_status_is_open" time="0.206" /><testcase classname="backend.tests.test_4_problems.TestProblema3AdminJobsCompanyName" name="test_admin_jobs_returns_employer_info" time="0.175" /><testcase classname="backend.tests.test_4_problems.TestProblema4AdminEmployersCity" name="test_admin_employers_returns_address_and_city" time="0.183" /><testcase classname="backend.tests.test_4_problems.TestAdminPagesLoad" name="test_admin_jobs_endpoint" time="0.197" /><testcase classname="backend.tests.test_4_problems.TestAdminPagesLoad" name="test_admin_employers_endpoint" time="0.060" /><testcase classname="backend.tests.test_4_problems.TestAdminPagesLoad" name="test_admin_candidates_endpoint" time="0.065" /></testsuite></testsuites>